2024-09-12 10:14:29,752 [INFO] Activator:176 - 


2024-09-12 10:14:29,754 [INFO] Activator:177 - !SESSION log4j initialized
2024-09-12 10:14:33,021 [INFO] LogOutputStream:77 - [STDOUT_REDIRECT] 
2024-09-12 10:14:34,870 [INFO] ApplicationProperties:184 - Using Application install path: C:\ST\STM32CubeIDE_1.15.1\STM32CubeIDE\plugins\com.st.stm32cube.common.mx_6.11.1.202404110753
2024-09-12 10:14:34,892 [INFO] DbMcusXml:78 - Set database path to: C:\ST\STM32CubeIDE_1.15.1\STM32CubeIDE\plugins\com.st.stm32cube.common.mx_6.11.1.202404110753\\db\/mcu/
2024-09-12 10:14:34,893 [INFO] ApiDb:274 - Set plugin database path to: C:\ST\STM32CubeIDE_1.15.1\STM32CubeIDE\plugins\com.st.stm32cube.common.mx_6.11.1.202404110753\\db\/plugins/boardmanager/
2024-09-12 10:14:34,895 [WARN] ApiDb:259 - Overriding images path with different value:  => C:\ST\STM32CubeIDE_1.15.1\STM32CubeIDE\plugins\com.st.stm32cube.common.mx_6.11.1.202404110753\\db\/plugins/mcufinder/images/
2024-09-12 10:14:34,903 [INFO] ApiDb:250 - Set database path to: C:\Users\sachi\.stmcufinder\plugins\mcufinder//mcu/
2024-09-12 10:14:34,905 [INFO] DbMcusAds:125 - Set database path to: C:\Users\sachi\.stmcufinder\plugins\mcufinder//mcu/
2024-09-12 10:14:34,907 [INFO] CrossReferenceDbSqlite:203 - Set database path to: C:\Users\sachi\.stmcufinder\plugins\mcufinder//mcu/cs/
2024-09-12 10:14:35,029 [INFO] RulesReader:64 - Compatibility file has been processed (297 Rules)
2024-09-12 10:14:35,116 [INFO] DbMcusXml:78 - Set database path to: C:\ST\STM32CubeIDE_1.15.1\STM32CubeIDE\plugins\com.st.stm32cube.common.mx_6.11.1.202404110753\\db\/mcu/
2024-09-12 10:14:35,116 [INFO] ApiDb:274 - Set plugin database path to: C:\ST\STM32CubeIDE_1.15.1\STM32CubeIDE\plugins\com.st.stm32cube.common.mx_6.11.1.202404110753\\db\/plugins/boardmanager/
2024-09-12 10:14:35,116 [INFO] ApiDb:261 - Set plugin images path to: C:\ST\STM32CubeIDE_1.15.1\STM32CubeIDE\plugins\com.st.stm32cube.common.mx_6.11.1.202404110753\\db\/plugins/mcufinder/images/
2024-09-12 10:14:35,116 [WARN] DbFile:41 - Overriding database path with different value: C:\Users\sachi\.stmcufinder\plugins\mcufinder/ => C:\Users\sachi\.stmcufinder\plugins\mcufinder
2024-09-12 10:14:35,116 [INFO] ApiDb:250 - Set database path to: C:\Users\sachi\.stmcufinder\plugins\mcufinder//mcu/
2024-09-12 10:14:35,116 [WARN] DbFile:41 - Overriding database path with different value: C:\Users\sachi\.stmcufinder\plugins\mcufinder/ => C:\Users\sachi\.stmcufinder\plugins\mcufinder
2024-09-12 10:14:35,116 [INFO] DbMcusAds:125 - Set database path to: C:\Users\sachi\.stmcufinder\plugins\mcufinder//mcu/
2024-09-12 10:14:35,117 [WARN] DbFile:41 - Overriding database path with different value: C:\Users\sachi\.stmcufinder\plugins\mcufinder/ => C:\Users\sachi\.stmcufinder\plugins\mcufinder
2024-09-12 10:14:35,117 [WARN] DbFile:41 - Overriding database path with different value: C:\Users\sachi\.stmcufinder\plugins\mcufinder/ => C:\Users\sachi\.stmcufinder\plugins\mcufinder
2024-09-12 10:14:35,117 [INFO] CrossReferenceDbSqlite:203 - Set database path to: C:\Users\sachi\.stmcufinder\plugins\mcufinder//mcu/cs/
2024-09-12 10:14:35,196 [INFO] MainPanel:264 - HeapMemory: 268435456
2024-09-12 10:14:35,285 [INFO] DbMcusXml:78 - Set database path to: C:\ST\STM32CubeIDE_1.15.1\STM32CubeIDE\plugins\com.st.stm32cube.common.mx_6.11.1.202404110753\\db\/mcu/
2024-09-12 10:14:35,285 [INFO] ApiDb:274 - Set plugin database path to: C:\ST\STM32CubeIDE_1.15.1\STM32CubeIDE\plugins\com.st.stm32cube.common.mx_6.11.1.202404110753\\db\/plugins/boardmanager/
2024-09-12 10:14:35,286 [INFO] ApiDb:261 - Set plugin images path to: C:\ST\STM32CubeIDE_1.15.1\STM32CubeIDE\plugins\com.st.stm32cube.common.mx_6.11.1.202404110753\\db\/plugins/mcufinder/images/
2024-09-12 10:14:35,286 [WARN] DbFile:41 - Overriding database path with different value: C:\Users\sachi\.stmcufinder\plugins\mcufinder/ => C:\Users\sachi\.stmcufinder\plugins\mcufinder
2024-09-12 10:14:35,286 [INFO] ApiDb:250 - Set database path to: C:\Users\sachi\.stmcufinder\plugins\mcufinder//mcu/
2024-09-12 10:14:35,286 [WARN] DbFile:41 - Overriding database path with different value: C:\Users\sachi\.stmcufinder\plugins\mcufinder/ => C:\Users\sachi\.stmcufinder\plugins\mcufinder
2024-09-12 10:14:35,286 [INFO] DbMcusAds:125 - Set database path to: C:\Users\sachi\.stmcufinder\plugins\mcufinder//mcu/
2024-09-12 10:14:35,286 [WARN] DbFile:41 - Overriding database path with different value: C:\Users\sachi\.stmcufinder\plugins\mcufinder/ => C:\Users\sachi\.stmcufinder\plugins\mcufinder
2024-09-12 10:14:35,286 [WARN] DbFile:41 - Overriding database path with different value: C:\Users\sachi\.stmcufinder\plugins\mcufinder/ => C:\Users\sachi\.stmcufinder\plugins\mcufinder
2024-09-12 10:14:35,286 [INFO] CrossReferenceDbSqlite:203 - Set database path to: C:\Users\sachi\.stmcufinder\plugins\mcufinder//mcu/cs/
2024-09-12 10:14:35,303 [INFO] ApplicationProperties:184 - Using Application install path: C:\ST\STM32CubeIDE_1.15.1\STM32CubeIDE\plugins\com.st.stm32cube.common.mx_6.11.1.202404110753
2024-09-12 10:14:35,304 [INFO] PluginManage:196 - Search for loadable plugins [exclusion list=, ]
2024-09-12 10:14:35,305 [INFO] PluginManage:310 - Check plugin analytics
2024-09-12 10:14:35,473 [INFO] AnalyticsPlugin:253 - Accepted Software Licenses: 
2024-09-12 10:14:35,473 [INFO] AnalyticsPlugin:255 - Accepted CMSIS Pack Licenses: 
2024-09-12 10:14:35,473 [INFO] AnalyticsPlugin:257 - Accepted Firmware Licenses: 
2024-09-12 10:14:35,476 [INFO] PluginManage:359 - Loaded plugin analytics (category:tool,tabindex:-1)
2024-09-12 10:14:35,476 [INFO] PluginManage:310 - Check plugin cadmodel
2024-09-12 10:14:35,490 [INFO] CADModel:105 - Init CAD model plugin
2024-09-12 10:14:35,490 [INFO] PluginManage:359 - Loaded plugin cadmodel (category:power,tabindex:5)
2024-09-12 10:14:35,490 [INFO] PluginManage:310 - Check plugin clock
2024-09-12 10:14:35,509 [INFO] PluginManage:359 - Loaded plugin clock (category:base,tabindex:2)
2024-09-12 10:14:35,510 [INFO] PluginManage:310 - Check plugin ddr
2024-09-12 10:14:35,512 [INFO] PluginManage:359 - Loaded plugin ddr (category:tool,tabindex:6)
2024-09-12 10:14:35,512 [INFO] PluginManage:310 - Check plugin filemanager
2024-09-12 10:14:35,646 [INFO] PluginManage:359 - Loaded plugin filemanager (category:base,tabindex:10)
2024-09-12 10:14:35,646 [INFO] PluginManage:310 - Check plugin ipmanager
2024-09-12 10:14:35,652 [INFO] PluginManage:359 - Loaded plugin ipmanager (category:base,tabindex:5)
2024-09-12 10:14:35,652 [INFO] PluginManage:310 - Check plugin lpbam
2024-09-12 10:14:35,693 [INFO] PluginManage:359 - Loaded plugin lpbam (category:base,tabindex:0)
2024-09-12 10:14:35,693 [INFO] PluginManage:310 - Check plugin memorymap
2024-09-12 10:14:35,729 [INFO] PluginManage:359 - Loaded plugin memorymap (category:base,tabindex:4)
2024-09-12 10:14:35,729 [INFO] PluginManage:310 - Check plugin pinoutandconfiguration
2024-09-12 10:14:35,744 [INFO] PluginManage:359 - Loaded plugin pinoutandconfiguration (category:base,tabindex:1)
2024-09-12 10:14:35,744 [INFO] PluginManage:310 - Check plugin pinoutconfig
2024-09-12 10:14:35,834 [WARN] SupportedApi:132 - Cannot load RTOS API schema: s4s-elt-must-match.1: The content of 'definitions' must match (annotation?, (simpleType | complexType)?, (unique | key | keyref)*)). A problem was found starting at: attribute.
2024-09-12 10:14:35,972 [INFO] PluginManage:359 - Loaded plugin pinoutconfig (category:base,tabindex:0)
2024-09-12 10:14:35,972 [INFO] PluginManage:310 - Check plugin power
2024-09-12 10:14:35,992 [INFO] PluginManage:359 - Loaded plugin power (category:power,tabindex:4)
2024-09-12 10:14:35,992 [INFO] PluginManage:310 - Check plugin projectmanager
2024-09-12 10:14:36,007 [INFO] PluginManage:359 - Loaded plugin projectmanager (category:projectmanager,tabindex:3)
2024-09-12 10:14:36,007 [INFO] PluginManage:310 - Check plugin thirdparty
2024-09-12 10:14:36,256 [INFO] PluginManage:359 - Loaded plugin thirdparty (category:base,tabindex:-1)
2024-09-12 10:14:36,256 [INFO] PluginManage:310 - Check plugin tools
2024-09-12 10:14:36,256 [WARN] IntegrityCheckThread:84 - waiting for thirdparty lock release [integrity check]
2024-09-12 10:14:36,256 [INFO] IntegrityCheckThread:86 - entering critical section [integrity check]
2024-09-12 10:14:36,257 [INFO] ThirdPartyUpdaterWithRetryManager:70 - Updater plugin not ready yet. [1/15]
2024-09-12 10:14:36,290 [INFO] PluginManage:359 - Loaded plugin tools (category:base,tabindex:7)
2024-09-12 10:14:36,290 [INFO] PluginManage:310 - Check plugin tutovideos
2024-09-12 10:14:36,474 [INFO] PluginManage:359 - Loaded plugin tutovideos (category:base,tabindex:-1)
2024-09-12 10:14:36,474 [INFO] PluginManage:310 - Check plugin updater
2024-09-12 10:14:36,485 [INFO] PluginManage:359 - Loaded plugin updater (category:base,tabindex:12)
2024-09-12 10:14:36,485 [INFO] PluginManage:310 - Check plugin userauth
2024-09-12 10:14:36,490 [INFO] UserAuth:114 - Init User Auth plugin
2024-09-12 10:14:36,491 [INFO] PluginManage:359 - Loaded plugin userauth (category:base,tabindex:14)
2024-09-12 10:14:36,491 [INFO] PluginManage:283 - PluginManage : Loaded plugins [17]
2024-09-12 10:14:36,708 [INFO] PinOutPanel:1561 - setPackage(No Configuration,No Configuration)
2024-09-12 10:14:36,788 [INFO] CADModel:165 - CPN selected for project level
2024-09-12 10:14:36,788 [INFO] CADModel:114 - Register for checkConnection events
2024-09-12 10:14:36,814 [INFO] IPUIPlugin:80 - create IPUIPlugin
2024-09-12 10:14:36,814 [INFO] PluginManager:220 - loadIPPluginJar : add adc
2024-09-12 10:14:36,849 [INFO] IPUIPlugin:80 - create IPUIPlugin
2024-09-12 10:14:36,849 [INFO] PluginManager:220 - loadIPPluginJar : add aes
2024-09-12 10:14:36,890 [INFO] IPUIPlugin:80 - create IPUIPlugin
2024-09-12 10:14:36,890 [INFO] PluginManager:220 - loadIPPluginJar : add can
2024-09-12 10:14:36,913 [INFO] IPUIPlugin:80 - create IPUIPlugin
2024-09-12 10:14:36,913 [INFO] PluginManager:220 - loadIPPluginJar : add comp
2024-09-12 10:14:36,946 [INFO] IPUIPlugin:80 - create IPUIPlugin
2024-09-12 10:14:36,946 [INFO] PluginManager:220 - loadIPPluginJar : add cryp
2024-09-12 10:14:36,977 [INFO] IPUIPlugin:80 - create IPUIPlugin
2024-09-12 10:14:36,977 [INFO] PluginManager:220 - loadIPPluginJar : add dfsdm
2024-09-12 10:14:36,991 [INFO] IPUIPlugin:80 - create IPUIPlugin
2024-09-12 10:14:36,991 [INFO] PluginManager:220 - loadIPPluginJar : add dma
2024-09-12 10:14:37,037 [INFO] IPUIPlugin:80 - create IPUIPlugin
2024-09-12 10:14:37,037 [INFO] PluginManager:220 - loadIPPluginJar : add dma3
2024-09-12 10:14:37,082 [INFO] IPUIPlugin:80 - create IPUIPlugin
2024-09-12 10:14:37,082 [INFO] PluginManager:220 - loadIPPluginJar : add extmemmanager
2024-09-12 10:14:37,100 [INFO] IPUIPlugin:80 - create IPUIPlugin
2024-09-12 10:14:37,100 [INFO] PluginManager:220 - loadIPPluginJar : add fatfs
2024-09-12 10:14:37,145 [INFO] IPUIPlugin:80 - create IPUIPlugin
2024-09-12 10:14:37,146 [INFO] PluginManager:220 - loadIPPluginJar : add fmc
2024-09-12 10:14:37,159 [INFO] IPUIPlugin:80 - create IPUIPlugin
2024-09-12 10:14:37,159 [INFO] PluginManager:220 - loadIPPluginJar : add freertos
2024-09-12 10:14:37,178 [INFO] IPUIPlugin:80 - create IPUIPlugin
2024-09-12 10:14:37,178 [INFO] PluginManager:220 - loadIPPluginJar : add genericplugin
2024-09-12 10:14:37,269 [INFO] IPUIPlugin:80 - create IPUIPlugin
2024-09-12 10:14:37,269 [INFO] PluginManager:220 - loadIPPluginJar : add gfxmmu
2024-09-12 10:14:37,401 [INFO] IPUIPlugin:80 - create IPUIPlugin
2024-09-12 10:14:37,401 [INFO] PluginManager:220 - loadIPPluginJar : add gic
2024-09-12 10:14:37,412 [INFO] IPUIPlugin:80 - create IPUIPlugin
2024-09-12 10:14:37,412 [INFO] PluginManager:220 - loadIPPluginJar : add gpio
2024-09-12 10:14:37,501 [INFO] IPUIPlugin:80 - create IPUIPlugin
2024-09-12 10:14:37,501 [INFO] PluginManager:220 - loadIPPluginJar : add gtzc
2024-09-12 10:14:37,530 [INFO] IPUIPlugin:80 - create IPUIPlugin
2024-09-12 10:14:37,530 [INFO] PluginManager:220 - loadIPPluginJar : add hash
2024-09-12 10:14:37,580 [INFO] IPUIPlugin:80 - create IPUIPlugin
2024-09-12 10:14:37,580 [INFO] PluginManager:220 - loadIPPluginJar : add i2c
2024-09-12 10:14:37,615 [INFO] IPUIPlugin:80 - create IPUIPlugin
2024-09-12 10:14:37,616 [INFO] PluginManager:220 - loadIPPluginJar : add i2s
2024-09-12 10:14:37,653 [INFO] IPUIPlugin:80 - create IPUIPlugin
2024-09-12 10:14:37,653 [INFO] PluginManager:220 - loadIPPluginJar : add i3c
2024-09-12 10:14:37,751 [INFO] IPUIPlugin:80 - create IPUIPlugin
2024-09-12 10:14:37,751 [INFO] PluginManager:220 - loadIPPluginJar : add ipddr
2024-09-12 10:14:37,835 [INFO] IPUIPlugin:80 - create IPUIPlugin
2024-09-12 10:14:37,835 [INFO] PluginManager:220 - loadIPPluginJar : add linkedlist
2024-09-12 10:14:37,866 [INFO] IPUIPlugin:80 - create IPUIPlugin
2024-09-12 10:14:37,866 [INFO] PluginManager:220 - loadIPPluginJar : add lorawan
2024-09-12 10:14:37,899 [INFO] IPUIPlugin:80 - create IPUIPlugin
2024-09-12 10:14:37,899 [INFO] PluginManager:220 - loadIPPluginJar : add ltdc
2024-09-12 10:14:37,911 [INFO] IPUIPlugin:80 - create IPUIPlugin
2024-09-12 10:14:37,911 [INFO] PluginManager:220 - loadIPPluginJar : add mdma
2024-09-12 10:14:37,921 [INFO] IPUIPlugin:80 - create IPUIPlugin
2024-09-12 10:14:37,921 [INFO] PluginManager:220 - loadIPPluginJar : add nvic
2024-09-12 10:14:37,952 [INFO] IPUIPlugin:80 - create IPUIPlugin
2024-09-12 10:14:37,952 [INFO] PluginManager:220 - loadIPPluginJar : add opamp
2024-09-12 10:14:38,004 [INFO] IPUIPlugin:80 - create IPUIPlugin
2024-09-12 10:14:38,004 [INFO] PluginManager:220 - loadIPPluginJar : add openamp
2024-09-12 10:14:38,041 [INFO] IPUIPlugin:80 - create IPUIPlugin
2024-09-12 10:14:38,041 [INFO] PluginManager:220 - loadIPPluginJar : add pdm2pcm
2024-09-12 10:14:38,055 [INFO] IPUIPlugin:80 - create IPUIPlugin
2024-09-12 10:14:38,057 [INFO] PluginManager:220 - loadIPPluginJar : add plateformsettings
2024-09-12 10:14:38,076 [INFO] IPUIPlugin:80 - create IPUIPlugin
2024-09-12 10:14:38,076 [INFO] PluginManager:220 - loadIPPluginJar : add quadspi
2024-09-12 10:14:38,087 [INFO] IPUIPlugin:80 - create IPUIPlugin
2024-09-12 10:14:38,087 [INFO] PluginManager:220 - loadIPPluginJar : add resmgrutility
2024-09-12 10:14:38,129 [INFO] IPUIPlugin:80 - create IPUIPlugin
2024-09-12 10:14:38,129 [INFO] PluginManager:220 - loadIPPluginJar : add sai
2024-09-12 10:14:38,165 [INFO] IPUIPlugin:80 - create IPUIPlugin
2024-09-12 10:14:38,165 [INFO] PluginManager:220 - loadIPPluginJar : add spi
2024-09-12 10:14:38,228 [INFO] IPUIPlugin:80 - create IPUIPlugin
2024-09-12 10:14:38,228 [INFO] PluginManager:220 - loadIPPluginJar : add stm32_wpan
2024-09-12 10:14:38,248 [INFO] IPUIPlugin:80 - create IPUIPlugin
2024-09-12 10:14:38,248 [INFO] PluginManager:220 - loadIPPluginJar : add tim
2024-09-12 10:14:38,304 [INFO] IPUIPlugin:80 - create IPUIPlugin
2024-09-12 10:14:38,304 [INFO] PluginManager:220 - loadIPPluginJar : add touchsensing
2024-09-12 10:14:38,324 [INFO] IPUIPlugin:80 - create IPUIPlugin
2024-09-12 10:14:38,324 [INFO] PluginManager:220 - loadIPPluginJar : add tracer_emb
2024-09-12 10:14:38,345 [INFO] IPUIPlugin:80 - create IPUIPlugin
2024-09-12 10:14:38,345 [INFO] PluginManager:220 - loadIPPluginJar : add ts
2024-09-12 10:14:38,364 [INFO] IPUIPlugin:80 - create IPUIPlugin
2024-09-12 10:14:38,364 [INFO] PluginManager:220 - loadIPPluginJar : add tsc
2024-09-12 10:14:38,383 [INFO] IPUIPlugin:80 - create IPUIPlugin
2024-09-12 10:14:38,383 [INFO] PluginManager:220 - loadIPPluginJar : add ucpd
2024-09-12 10:14:38,423 [INFO] IPUIPlugin:80 - create IPUIPlugin
2024-09-12 10:14:38,424 [INFO] PluginManager:220 - loadIPPluginJar : add usart
2024-09-12 10:14:38,464 [INFO] IPUIPlugin:80 - create IPUIPlugin
2024-09-12 10:14:38,464 [INFO] PluginManager:220 - loadIPPluginJar : add usbx
2024-09-12 10:14:38,595 [INFO] CADModel:165 - CPN selected for project level
2024-09-12 10:14:38,595 [INFO] CADModel:114 - Register for checkConnection events
2024-09-12 10:14:38,596 [FATAL] Updater:308 - Updater called before beeing initialized
2024-09-12 10:14:38,596 [ERROR] CADModel:125 - Updater not yet initialized, retry later 
2024-09-12 10:14:38,726 [INFO] CADModel:165 - CPN selected for project level
2024-09-12 10:14:38,726 [INFO] CADModel:114 - Register for checkConnection events
2024-09-12 10:14:38,726 [FATAL] Updater:308 - Updater called before beeing initialized
2024-09-12 10:14:38,726 [ERROR] CADModel:125 - Updater not yet initialized, retry later 
2024-09-12 10:14:38,729 [FATAL] Updater:308 - Updater called before beeing initialized
2024-09-12 10:14:38,825 [FATAL] Updater:308 - Updater called before beeing initialized
2024-09-12 10:14:38,833 [INFO] DbMcusAds:53 - JSON generation date=Thu May 16 05:22:00 EDT 2024 (1715851320667)
2024-09-12 10:14:38,833 [FATAL] Updater:308 - Updater called before beeing initialized
2024-09-12 10:14:38,916 [WARN] DetailPanel:346 - Failed to get advertising image, set to default
2024-09-12 10:14:39,006 [FATAL] Updater:308 - Updater called before beeing initialized
2024-09-12 10:14:39,008 [FATAL] Updater:308 - Updater called before beeing initialized
2024-09-12 10:14:39,008 [FATAL] Updater:308 - Updater called before beeing initialized
2024-09-12 10:14:39,008 [WARN] DetailPanel:346 - Failed to get advertising image, set to default
2024-09-12 10:14:39,009 [FATAL] Updater:308 - Updater called before beeing initialized
2024-09-12 10:14:39,064 [ERROR] Updater:1120 - MainUpdater not yet initialized. External WinMGr cannot be set.
2024-09-12 10:14:39,074 [INFO] Updater:1056 - Updater Version found : 6.11.1
2024-09-12 10:14:39,093 [INFO] ApplicationProperties:184 - Using Application install path: C:\ST\STM32CubeIDE_1.15.1\STM32CubeIDE\plugins\com.st.stm32cube.common.mx_6.11.1.202404110753
2024-09-12 10:14:39,259 [INFO] ThirdPartyUpdaterWithRetryManager:70 - Updater plugin not ready yet. [2/15]
2024-09-12 10:14:40,671 [ERROR] LogOutputStream:75 - [STDERR_REDIRECT] Sep 12, 2024 10:14:40 AM java.util.prefs.WindowsPreferences <init>
2024-09-12 10:14:40,672 [ERROR] LogOutputStream:75 - [STDERR_REDIRECT] WARNING: Could not open/create prefs root node Software\JavaSoft\Prefs at root 0xffffffff80000002. Windows RegCreateKeyEx(...) returned error code 5.
2024-09-12 10:14:40,672 [ERROR] LogOutputStream:75 - [STDERR_REDIRECT] 
2024-09-12 10:14:41,085 [INFO] MainUpdater:2873 - connection check result : 10
2024-09-12 10:14:41,086 [INFO] MainUpdater:3567 - Updater definition file requires update
2024-09-12 10:14:41,087 [INFO] MainUpdater:290 - Updater Check For Update Now.
2024-09-12 10:14:41,087 [INFO] MicroXplorer:498 - Change Database Version : DB.6.0.111
2024-09-12 10:14:41,101 [INFO] McuFinderGlobals:63 - Set McuFinder mode to 2 (CubeIDE integrated)
2024-09-12 10:14:41,101 [INFO] UserAuth:179 - activating auth plugin
2024-09-12 10:14:41,103 [INFO] UserAuth:415 - Internet connection configuration mode: 1
2024-09-12 10:14:41,129 [INFO] JxBrowserEngine:152 - Initiate JxBrowser Engine with user profile folder
2024-09-12 10:14:41,190 [INFO] ServerAccessManage:473 - Download File updaters.zip
2024-09-12 10:14:41,387 [INFO] FileExtend:240 - Unzip File : updaters.zip
2024-09-12 10:14:41,387 [INFO] FileExtend:255 - Standard Zip Deflate
2024-09-12 10:14:41,745 [INFO] ServerAccessManage:473 - Download File PacksControlFlags.xml
2024-09-12 10:14:41,825 [INFO] ServerAccessManage:473 - Download File cubemx.pidx
2024-09-12 10:14:42,261 [WARN] MainUpdater:1194 - Updater busy. Cannot search thirdparties
2024-09-12 10:14:42,261 [INFO] ThirdPartyUpdaterWithRetryManager:96 - Updater plugin is busy. [1/15]
2024-09-12 10:14:42,471 [INFO] ServerAccessManage:473 - Download File STMicroelectronics.X-CUBE-GNSS1.pdsc
2024-09-12 10:14:43,026 [ERROR] ServerAccessManage:1089 - Problem, file not found on Server
2024-09-12 10:14:43,364 [ERROR] ServerAccessManage:1089 - Problem, file not found on Server
2024-09-12 10:14:44,032 [ERROR] ServerAccessManage:1089 - Problem, file not found on Server
2024-09-12 10:14:44,406 [ERROR] ServerAccessManage:1089 - Problem, file not found on Server
2024-09-12 10:14:44,620 [ERROR] ServerAccessManage:1089 - Problem, file not found on Server
2024-09-12 10:14:44,977 [ERROR] ServerAccessManage:1089 - Problem, file not found on Server
2024-09-12 10:14:45,082 [INFO] ServerAccessManage:473 - Download File STMicroelectronics.X-CUBE-MEMS1.pdsc
2024-09-12 10:14:45,261 [WARN] MainUpdater:1194 - Updater busy. Cannot search thirdparties
2024-09-12 10:14:45,261 [INFO] ThirdPartyUpdaterWithRetryManager:96 - Updater plugin is busy. [2/15]
2024-09-12 10:14:45,379 [INFO] WebApp:161 - Instantiating new browser for Auth
2024-09-12 10:14:45,950 [INFO] WebApp:779 - Register for checkConnection events
2024-09-12 10:14:45,951 [INFO] WebApp:414 - Apply proxy settings
2024-09-12 10:14:45,951 [INFO] WebApp:499 - Chromium requires no authentication
2024-09-12 10:14:45,959 [INFO] WebApp:442 - Direct internet connection detected
2024-09-12 10:14:46,205 [INFO] WebApp:192 - Starting web application
2024-09-12 10:14:46,206 [INFO] WebApp:544 - Web application path used C:\ST\STM32CubeIDE_1.15.1\STM32CubeIDE\plugins\com.st.stm32cube.common.mx_6.11.1.202404110753\db\plugins\mcufinder\reactClient1\index.html
2024-09-12 10:14:46,832 [WARN] PackLoader:240 - Cannot read IP mode file for STMicroelectronics.X-CUBE-GNSS1.7.0.0
2024-09-12 10:14:46,889 [WARN] PackLoader:240 - Cannot read IP mode file for STMicroelectronics.X-CUBE-MEMS1.11.0.0
2024-09-12 10:14:46,949 [INFO] CheckServerUpdateThread:120 - End of CheckServer Thread
2024-09-12 10:14:47,013 [INFO] PopulateThirdPartyThread:66 - Ending populate Thread
2024-09-12 10:14:47,014 [INFO] ThirdParty:1030 - CMSIS Pack Vendor :STMicroelectronics X-CUBE-GNSS1 7.0.0
2024-09-12 10:14:47,014 [INFO] ThirdParty:1030 - CMSIS Pack Vendor :STMicroelectronics X-CUBE-MEMS1 11.0.0
2024-09-12 10:14:47,014 [INFO] LoadServerUpdatesThread:375 - End of LoadServerUpdate Thread
2024-09-12 10:14:48,394 [WARN] PackLoader:240 - Cannot read IP mode file for STMicroelectronics.FP-SNS-MOTENVWB1.1.4.0
2024-09-12 10:14:48,407 [WARN] PackLoader:240 - Cannot read IP mode file for STMicroelectronics.X-CUBE-SMBUS.2.1.0
2024-09-12 10:14:48,433 [WARN] PackLoader:240 - Cannot read IP mode file for STMicroelectronics.X-CUBE-AZRTOS-F7.1.1.0
2024-09-12 10:14:48,466 [WARN] PackLoader:240 - Cannot read IP mode file for STMicroelectronics.X-CUBE-MEMS1.11.0.0
2024-09-12 10:14:48,549 [WARN] PackLoader:240 - Cannot read IP mode file for STMicroelectronics.FP-SNS-FLIGHT1.5.0.2
2024-09-12 10:14:48,562 [WARN] PackLoader:240 - Cannot read IP mode file for STMicroelectronics.X-CUBE-DISPLAY.3.0.0
2024-09-12 10:14:48,576 [WARN] PackLoader:240 - Cannot read IP mode file for STMicroelectronics.X-CUBE-BLE1.7.0.0
2024-09-12 10:14:48,587 [WARN] PackLoader:240 - Cannot read IP mode file for emotas.I-CUBE-CANOPEN.1.3.0
2024-09-12 10:14:48,602 [WARN] PackLoader:240 - Cannot read IP mode file for STMicroelectronics.X-CUBE-BLEMGR.3.1.0
2024-09-12 10:14:48,614 [WARN] PackLoader:240 - Cannot read IP mode file for STMicroelectronics.FP-SNS-SMARTAG2.1.2.0
2024-09-12 10:14:48,631 [INFO] LogOutputStream:77 - [STDOUT_REDIRECT] 1 : Invalid condition id : UX_CORESTACK_Condition cause : null
2024-09-12 10:14:48,631 [INFO] LogOutputStream:77 - [STDOUT_REDIRECT] 1 : Invalid condition id : UX_CORESTACK_Condition cause : null
2024-09-12 10:14:48,632 [INFO] LogOutputStream:77 - [STDOUT_REDIRECT] 1 : Invalid condition id : UX_CORESTACK_Condition cause : null
2024-09-12 10:14:48,633 [INFO] LogOutputStream:77 - [STDOUT_REDIRECT] 1 : Invalid condition id : UX_CORESTACK_Condition cause : null
2024-09-12 10:14:48,634 [INFO] LogOutputStream:77 - [STDOUT_REDIRECT] 1 : Invalid condition id : UX_CORESTACK_Condition cause : null
2024-09-12 10:14:48,637 [WARN] PackLoader:240 - Cannot read IP mode file for STMicroelectronics.X-CUBE-AZRTOS-WL.2.0.0
2024-09-12 10:14:48,649 [WARN] PackLoader:240 - Cannot read IP mode file for STMicroelectronics.FP-SNS-MOTENV1.5.0.0
2024-09-12 10:14:48,654 [WARN] PackLoader:240 - Cannot read IP mode file for wolfSSL.I-CUBE-wolfMQTT.1.19.0
2024-09-12 10:14:48,665 [WARN] PackLoader:240 - Cannot read IP mode file for WES.I-CUBE-Cesium.1.3.0
2024-09-12 10:14:48,676 [WARN] PackLoader:240 - Cannot read IP mode file for STMicroelectronics.X-CUBE-BLE2.3.3.0
2024-09-12 10:14:48,687 [WARN] PackLoader:240 - Cannot read IP mode file for STMicroelectronics.X-CUBE-TCPP.4.1.0
2024-09-12 10:14:48,709 [WARN] PackLoader:240 - Cannot read IP mode file for STMicroelectronics.X-CUBE-AZRTOS-G0.1.1.0
2024-09-12 10:14:48,721 [WARN] PackLoader:240 - Cannot read IP mode file for STMicroelectronics.X-CUBE-SAFEA1.1.2.2
2024-09-12 10:14:48,735 [WARN] PackLoader:240 - Cannot read IP mode file for STMicroelectronics.X-CUBE-NFC4.3.0.0
2024-09-12 10:14:48,749 [WARN] PackLoader:240 - Cannot read IP mode file for EmbeddedOffice.I-CUBE-FS-RTOS.1.0.1
2024-09-12 10:14:48,749 [ERROR] ConditionMgr:805 - Attr not supported : Dmpu
2024-09-12 10:14:48,749 [ERROR] ConditionMgr:805 - Attr not supported : Dmpu
2024-09-12 10:14:48,749 [ERROR] ConditionMgr:805 - Attr not supported : Dmpu
2024-09-12 10:14:48,749 [ERROR] ConditionMgr:805 - Attr not supported : Dmpu
2024-09-12 10:14:48,749 [ERROR] ConditionMgr:805 - Attr not supported : Dmpu
2024-09-12 10:14:48,749 [ERROR] ConditionMgr:805 - Attr not supported : Dmpu
2024-09-12 10:14:48,749 [ERROR] ConditionMgr:805 - Attr not supported : Dmpu
2024-09-12 10:14:48,749 [ERROR] ConditionMgr:805 - Attr not supported : Dmpu
2024-09-12 10:14:48,749 [ERROR] ConditionMgr:805 - Attr not supported : Dmpu
2024-09-12 10:14:48,749 [ERROR] ConditionMgr:805 - Attr not supported : Dmpu
2024-09-12 10:14:48,749 [ERROR] ConditionMgr:805 - Attr not supported : Dmpu
2024-09-12 10:14:48,749 [ERROR] ConditionMgr:805 - Attr not supported : Dmpu
2024-09-12 10:14:48,749 [ERROR] ConditionMgr:805 - Attr not supported : Dmpu
2024-09-12 10:14:48,750 [ERROR] ConditionMgr:805 - Attr not supported : Dmpu
2024-09-12 10:14:48,750 [ERROR] ConditionMgr:805 - Attr not supported : Dmpu
2024-09-12 10:14:48,750 [ERROR] ConditionMgr:805 - Attr not supported : Dmpu
2024-09-12 10:14:48,750 [ERROR] ConditionMgr:805 - Attr not supported : Dmpu
2024-09-12 10:14:48,750 [ERROR] ConditionMgr:805 - Attr not supported : Dmpu
2024-09-12 10:14:48,750 [ERROR] ConditionMgr:805 - Attr not supported : Dmpu
2024-09-12 10:14:48,750 [ERROR] ConditionMgr:805 - Attr not supported : Dmpu
2024-09-12 10:14:48,750 [ERROR] ConditionMgr:805 - Attr not supported : Dmpu
2024-09-12 10:14:48,750 [ERROR] ConditionMgr:805 - Attr not supported : Dmpu
2024-09-12 10:14:48,750 [ERROR] ConditionMgr:805 - Attr not supported : Dmpu
2024-09-12 10:14:48,750 [ERROR] ConditionMgr:805 - Attr not supported : Dmpu
2024-09-12 10:14:48,750 [ERROR] ConditionMgr:805 - Attr not supported : Dmpu
2024-09-12 10:14:48,750 [ERROR] ConditionMgr:805 - Attr not supported : Dmpu
2024-09-12 10:14:48,750 [ERROR] ConditionMgr:805 - Attr not supported : Dmpu
2024-09-12 10:14:48,750 [ERROR] ConditionMgr:805 - Attr not supported : Dmpu
2024-09-12 10:14:48,750 [ERROR] ConditionMgr:805 - Attr not supported : Dmpu
2024-09-12 10:14:48,750 [ERROR] ConditionMgr:805 - Attr not supported : Dmpu
2024-09-12 10:14:48,750 [ERROR] ConditionMgr:805 - Attr not supported : Dmpu
2024-09-12 10:14:48,750 [ERROR] ConditionMgr:805 - Attr not supported : Dmpu
2024-09-12 10:14:48,750 [ERROR] ConditionMgr:805 - Attr not supported : Dmpu
2024-09-12 10:14:48,750 [ERROR] ConditionMgr:805 - Attr not supported : Dmpu
2024-09-12 10:14:48,751 [ERROR] ConditionMgr:805 - Attr not supported : Dmpu
2024-09-12 10:14:48,751 [ERROR] ConditionMgr:805 - Attr not supported : Dmpu
2024-09-12 10:14:48,751 [ERROR] ConditionMgr:805 - Attr not supported : Dmpu
2024-09-12 10:14:48,751 [ERROR] ConditionMgr:805 - Attr not supported : Dmpu
2024-09-12 10:14:48,751 [ERROR] ConditionMgr:805 - Attr not supported : Dmpu
2024-09-12 10:14:48,751 [ERROR] ConditionMgr:805 - Attr not supported : Dmpu
2024-09-12 10:14:48,751 [ERROR] ConditionMgr:805 - Attr not supported : Dmpu
2024-09-12 10:14:48,751 [ERROR] ConditionMgr:805 - Attr not supported : Dmpu
2024-09-12 10:14:48,751 [ERROR] ConditionMgr:805 - Attr not supported : Dmpu
2024-09-12 10:14:48,751 [ERROR] ConditionMgr:805 - Attr not supported : Dmpu
2024-09-12 10:14:48,751 [ERROR] ConditionMgr:805 - Attr not supported : Dmpu
2024-09-12 10:14:48,751 [ERROR] ConditionMgr:805 - Attr not supported : Dmpu
2024-09-12 10:14:48,751 [ERROR] ConditionMgr:805 - Attr not supported : Dmpu
2024-09-12 10:14:48,751 [ERROR] ConditionMgr:805 - Attr not supported : Dmpu
2024-09-12 10:14:48,751 [ERROR] ConditionMgr:805 - Attr not supported : Dmpu
2024-09-12 10:14:48,751 [ERROR] ConditionMgr:805 - Attr not supported : Dmpu
2024-09-12 10:14:48,751 [ERROR] ConditionMgr:805 - Attr not supported : Dmpu
2024-09-12 10:14:48,751 [ERROR] ConditionMgr:805 - Attr not supported : Dmpu
2024-09-12 10:14:48,752 [ERROR] ConditionMgr:805 - Attr not supported : Dmpu
2024-09-12 10:14:48,752 [ERROR] ConditionMgr:805 - Attr not supported : Dmpu
2024-09-12 10:14:48,752 [ERROR] ConditionMgr:805 - Attr not supported : Dmpu
2024-09-12 10:14:48,752 [ERROR] ConditionMgr:805 - Attr not supported : Dmpu
2024-09-12 10:14:48,752 [ERROR] ConditionMgr:805 - Attr not supported : Dmpu
2024-09-12 10:14:48,752 [ERROR] ConditionMgr:805 - Attr not supported : Dmpu
2024-09-12 10:14:48,752 [ERROR] ConditionMgr:805 - Attr not supported : Dmpu
2024-09-12 10:14:48,752 [ERROR] ConditionMgr:805 - Attr not supported : Dmpu
2024-09-12 10:14:48,752 [ERROR] ConditionMgr:805 - Attr not supported : Dmpu
2024-09-12 10:14:48,752 [ERROR] ConditionMgr:805 - Attr not supported : Dmpu
2024-09-12 10:14:48,752 [ERROR] ConditionMgr:805 - Attr not supported : Dmpu
2024-09-12 10:14:48,752 [ERROR] ConditionMgr:805 - Attr not supported : Dmpu
2024-09-12 10:14:48,762 [WARN] PackLoader:240 - Cannot read IP mode file for RealThread.X-CUBE-RT-Thread_Nano.4.1.1
2024-09-12 10:14:48,771 [WARN] PackLoader:240 - Cannot read IP mode file for wolfSSL.I-CUBE-wolfSSL.5.7.0
2024-09-12 10:14:48,775 [WARN] PackLoader:240 - Cannot read IP mode file for STMicroelectronics.FP-ATR-SIGFOX1.3.2.0
2024-09-12 10:14:48,785 [WARN] PackLoader:240 - Cannot read IP mode file for STMicroelectronics.X-CUBE-EEPRMA1.5.1.0
2024-09-12 10:14:48,798 [WARN] PackLoader:240 - Cannot read IP mode file for ITTIA_DB.I-CUBE-ITTIADB.8.9.0
2024-09-12 10:14:48,827 [WARN] PackLoader:240 - Cannot read IP mode file for SEGGER.I-CUBE-embOS.1.3.1
2024-09-12 10:14:48,862 [WARN] PackLoader:240 - Cannot read IP mode file for STMicroelectronics.X-CUBE-ALGOBUILD.1.4.0
2024-09-12 10:14:48,872 [WARN] PackLoader:240 - Cannot read IP mode file for STMicroelectronics.X-CUBE-GNSS1.6.0.0
2024-09-12 10:14:48,894 [WARN] PackLoader:240 - Cannot read IP mode file for STMicroelectronics.X-CUBE-AZRTOS-F4.1.1.0
2024-09-12 10:14:48,907 [WARN] PackLoader:240 - Cannot read IP mode file for STMicroelectronics.X-CUBE-FREERTOS.1.2.0
2024-09-12 10:14:48,929 [WARN] PackLoader:240 - Cannot read IP mode file for STMicroelectronics.X-CUBE-AZRTOS-L5.2.0.0
2024-09-12 10:14:48,942 [WARN] PackLoader:240 - Cannot read IP mode file for STMicroelectronics.X-CUBE-NFC6.3.1.0
2024-09-12 10:14:48,954 [WARN] PackLoader:240 - Cannot read IP mode file for STMicroelectronics.X-CUBE-DPower.1.2.0
2024-09-12 10:14:48,969 [WARN] PackLoader:240 - Cannot read IP mode file for STMicroelectronics.X-CUBE-AI.9.0.0
2024-09-12 10:14:48,979 [WARN] PackLoader:240 - Cannot read IP mode file for STMicroelectronics.X-CUBE-NFC7.1.0.1
2024-09-12 10:14:48,983 [WARN] PackLoader:240 - Cannot read IP mode file for wolfSSL.I-CUBE-wolfTPM.3.2.0
2024-09-12 10:14:49,005 [WARN] ConditionMgr:438 - getConditionDescription Invalid condition id : LAN8742 Phy interface Condition cause : null
2024-09-12 10:14:49,006 [WARN] PackLoader:240 - Cannot read IP mode file for STMicroelectronics.X-CUBE-AZRTOS-L4.2.0.0
2024-09-12 10:14:49,007 [WARN] ConditionMgr:1039 - genDependencies : Invalid condition id : LAN8742 Phy interface Condition cause : null
2024-09-12 10:14:49,007 [WARN] ConditionMgr:1039 - genDependencies : Invalid condition id : LAN8742 Phy interface Condition cause : null
2024-09-12 10:14:49,007 [WARN] ConditionMgr:1039 - genDependencies : Invalid condition id : LAN8742 Phy interface Condition cause : null
2024-09-12 10:14:49,020 [WARN] PackLoader:240 - Cannot read IP mode file for STMicroelectronics.X-CUBE-SFXS2LP1.4.0.0
2024-09-12 10:14:49,046 [WARN] PackLoader:240 - Cannot read IP mode file for STMicroelectronics.X-CUBE-AZRTOS-H7.3.3.0
2024-09-12 10:14:49,066 [WARN] ConditionMgr:438 - getConditionDescription Invalid condition id : UX DEVICE CLASS RTOS Condition cause : null
2024-09-12 10:14:49,066 [WARN] ConditionMgr:438 - getConditionDescription Invalid condition id : UX DEVICE CLASS RTOS Condition cause : null
2024-09-12 10:14:49,067 [WARN] PackLoader:240 - Cannot read IP mode file for STMicroelectronics.X-CUBE-AZRTOS-WB.2.0.0
2024-09-12 10:14:49,067 [WARN] ConditionMgr:1039 - genDependencies : Invalid condition id : UX DEVICE CLASS RTOS Condition cause : null
2024-09-12 10:14:49,068 [WARN] ConditionMgr:1039 - genDependencies : Invalid condition id : UX DEVICE CLASS RTOS Condition cause : null
2024-09-12 10:14:49,068 [WARN] ConditionMgr:1039 - genDependencies : Invalid condition id : UX DEVICE CLASS RTOS Condition cause : null
2024-09-12 10:14:49,068 [WARN] ConditionMgr:1039 - genDependencies : Invalid condition id : UX DEVICE CLASS RTOS Condition cause : null
2024-09-12 10:14:49,068 [WARN] ConditionMgr:1039 - genDependencies : Invalid condition id : UX DEVICE CLASS RTOS Condition cause : null
2024-09-12 10:14:49,071 [WARN] PackLoader:240 - Cannot read IP mode file for STMicroelectronics.X-CUBE-GNSS1.7.0.0
2024-09-12 10:14:49,082 [WARN] PackLoader:240 - Cannot read IP mode file for STMicroelectronics.FP-SNS-STBOX1.2.0.0
2024-09-12 10:14:49,096 [WARN] PackLoader:240 - Cannot read IP mode file for STMicroelectronics.X-CUBE-SUBG2.5.0.0
2024-09-12 10:14:49,102 [WARN] PackLoader:240 - Cannot read IP mode file for Cesanta.I-CUBE-Mongoose.7.13.0
2024-09-12 10:14:49,123 [WARN] PackLoader:240 - Cannot read IP mode file for STMicroelectronics.X-CUBE-AZRTOS-G4.2.0.0
2024-09-12 10:14:49,133 [WARN] PackLoader:240 - Cannot read IP mode file for STMicroelectronics.X-CUBE-ISPU.2.0.0
2024-09-12 10:14:49,143 [WARN] PackLoader:240 - Cannot read IP mode file for STMicroelectronics.X-CUBE-ALS.1.0.2
2024-09-12 10:14:49,178 [WARN] PackLoader:240 - Cannot read IP mode file for STMicroelectronics.X-CUBE-MEMS1.10.0.0
2024-09-12 10:14:49,253 [WARN] PackLoader:240 - Cannot read IP mode file for STMicroelectronics.X-CUBE-TOUCHGFX.4.24.0
2024-09-12 10:14:49,263 [WARN] PackLoader:240 - Cannot read IP mode file for portGmbH.I-Cube-SoM-uGOAL.1.1.0
2024-09-12 10:14:49,286 [WARN] PackLoader:240 - Cannot read IP mode file for STMicroelectronics.X-CUBE-AZRTOS-H7RS.1.0.0
2024-09-12 10:14:49,291 [WARN] PackLoader:240 - Cannot read IP mode file for STMicroelectronics.FP-ATR-ASTRA1.2.0.0
2024-09-12 10:14:49,306 [WARN] PackLoader:240 - Cannot read IP mode file for STMicroelectronics.X-CUBE-TOF1.3.4.2
2024-09-12 10:14:49,325 [WARN] PackLoader:240 - Cannot read IP mode file for STMicroelectronics.X-CUBE-TOF1.3.4.1
2024-09-12 10:14:49,357 [WARN] PackLoader:240 - Cannot read IP mode file for STMicroelectronics.X-CUBE-AZRTOS-H7.3.2.0
2024-09-12 10:14:49,376 [WARN] PackLoader:240 - Cannot read IP mode file for Infineon.AIROC-Wi-Fi-Bluetooth-STM32.1.6.0
2024-09-12 10:14:49,381 [WARN] PackLoader:240 - Cannot read IP mode file for wolfSSL.I-CUBE-wolfSSH.1.4.17
2024-09-12 10:14:49,382 [INFO] ThirdParty:978 - Integrity check success = true
2024-09-12 10:14:49,382 [INFO] IntegrityCheckThread:100 - exiting critical section [integrity check]
2024-09-12 10:14:49,382 [INFO] IntegrityCheckThread:103 - End integrity checks thread
2024-09-12 10:15:47,261 [INFO] Activator:176 - 


2024-09-12 10:15:47,261 [INFO] Activator:177 - !SESSION log4j initialized
2024-09-12 10:15:49,579 [INFO] LogOutputStream:77 - [STDOUT_REDIRECT] 
2024-09-12 10:15:51,053 [INFO] ApplicationProperties:184 - Using Application install path: C:\ST\STM32CubeIDE_1.15.1\STM32CubeIDE\plugins\com.st.stm32cube.common.mx_6.11.1.202404110753
2024-09-12 10:15:51,073 [INFO] DbMcusXml:78 - Set database path to: C:\ST\STM32CubeIDE_1.15.1\STM32CubeIDE\plugins\com.st.stm32cube.common.mx_6.11.1.202404110753\\db\/mcu/
2024-09-12 10:15:51,074 [INFO] ApiDb:274 - Set plugin database path to: C:\ST\STM32CubeIDE_1.15.1\STM32CubeIDE\plugins\com.st.stm32cube.common.mx_6.11.1.202404110753\\db\/plugins/boardmanager/
2024-09-12 10:15:51,074 [WARN] ApiDb:259 - Overriding images path with different value:  => C:\ST\STM32CubeIDE_1.15.1\STM32CubeIDE\plugins\com.st.stm32cube.common.mx_6.11.1.202404110753\\db\/plugins/mcufinder/images/
2024-09-12 10:15:51,079 [INFO] ApiDb:250 - Set database path to: C:\Users\sachi\.stmcufinder\plugins\mcufinder//mcu/
2024-09-12 10:15:51,080 [INFO] DbMcusAds:125 - Set database path to: C:\Users\sachi\.stmcufinder\plugins\mcufinder//mcu/
2024-09-12 10:15:51,082 [INFO] CrossReferenceDbSqlite:203 - Set database path to: C:\Users\sachi\.stmcufinder\plugins\mcufinder//mcu/cs/
2024-09-12 10:15:51,183 [INFO] RulesReader:64 - Compatibility file has been processed (297 Rules)
2024-09-12 10:15:51,249 [INFO] DbMcusXml:78 - Set database path to: C:\ST\STM32CubeIDE_1.15.1\STM32CubeIDE\plugins\com.st.stm32cube.common.mx_6.11.1.202404110753\\db\/mcu/
2024-09-12 10:15:51,249 [INFO] ApiDb:274 - Set plugin database path to: C:\ST\STM32CubeIDE_1.15.1\STM32CubeIDE\plugins\com.st.stm32cube.common.mx_6.11.1.202404110753\\db\/plugins/boardmanager/
2024-09-12 10:15:51,249 [INFO] ApiDb:261 - Set plugin images path to: C:\ST\STM32CubeIDE_1.15.1\STM32CubeIDE\plugins\com.st.stm32cube.common.mx_6.11.1.202404110753\\db\/plugins/mcufinder/images/
2024-09-12 10:15:51,249 [WARN] DbFile:41 - Overriding database path with different value: C:\Users\sachi\.stmcufinder\plugins\mcufinder/ => C:\Users\sachi\.stmcufinder\plugins\mcufinder
2024-09-12 10:15:51,250 [INFO] ApiDb:250 - Set database path to: C:\Users\sachi\.stmcufinder\plugins\mcufinder//mcu/
2024-09-12 10:15:51,250 [WARN] DbFile:41 - Overriding database path with different value: C:\Users\sachi\.stmcufinder\plugins\mcufinder/ => C:\Users\sachi\.stmcufinder\plugins\mcufinder
2024-09-12 10:15:51,250 [INFO] DbMcusAds:125 - Set database path to: C:\Users\sachi\.stmcufinder\plugins\mcufinder//mcu/
2024-09-12 10:15:51,250 [WARN] DbFile:41 - Overriding database path with different value: C:\Users\sachi\.stmcufinder\plugins\mcufinder/ => C:\Users\sachi\.stmcufinder\plugins\mcufinder
2024-09-12 10:15:51,250 [WARN] DbFile:41 - Overriding database path with different value: C:\Users\sachi\.stmcufinder\plugins\mcufinder/ => C:\Users\sachi\.stmcufinder\plugins\mcufinder
2024-09-12 10:15:51,250 [INFO] CrossReferenceDbSqlite:203 - Set database path to: C:\Users\sachi\.stmcufinder\plugins\mcufinder//mcu/cs/
2024-09-12 10:15:51,313 [INFO] MainPanel:264 - HeapMemory: 268435456
2024-09-12 10:15:51,369 [INFO] DbMcusXml:78 - Set database path to: C:\ST\STM32CubeIDE_1.15.1\STM32CubeIDE\plugins\com.st.stm32cube.common.mx_6.11.1.202404110753\\db\/mcu/
2024-09-12 10:15:51,369 [INFO] ApiDb:274 - Set plugin database path to: C:\ST\STM32CubeIDE_1.15.1\STM32CubeIDE\plugins\com.st.stm32cube.common.mx_6.11.1.202404110753\\db\/plugins/boardmanager/
2024-09-12 10:15:51,369 [INFO] ApiDb:261 - Set plugin images path to: C:\ST\STM32CubeIDE_1.15.1\STM32CubeIDE\plugins\com.st.stm32cube.common.mx_6.11.1.202404110753\\db\/plugins/mcufinder/images/
2024-09-12 10:15:51,370 [WARN] DbFile:41 - Overriding database path with different value: C:\Users\sachi\.stmcufinder\plugins\mcufinder/ => C:\Users\sachi\.stmcufinder\plugins\mcufinder
2024-09-12 10:15:51,370 [INFO] ApiDb:250 - Set database path to: C:\Users\sachi\.stmcufinder\plugins\mcufinder//mcu/
2024-09-12 10:15:51,370 [WARN] DbFile:41 - Overriding database path with different value: C:\Users\sachi\.stmcufinder\plugins\mcufinder/ => C:\Users\sachi\.stmcufinder\plugins\mcufinder
2024-09-12 10:15:51,370 [INFO] DbMcusAds:125 - Set database path to: C:\Users\sachi\.stmcufinder\plugins\mcufinder//mcu/
2024-09-12 10:15:51,370 [WARN] DbFile:41 - Overriding database path with different value: C:\Users\sachi\.stmcufinder\plugins\mcufinder/ => C:\Users\sachi\.stmcufinder\plugins\mcufinder
2024-09-12 10:15:51,370 [WARN] DbFile:41 - Overriding database path with different value: C:\Users\sachi\.stmcufinder\plugins\mcufinder/ => C:\Users\sachi\.stmcufinder\plugins\mcufinder
2024-09-12 10:15:51,370 [INFO] CrossReferenceDbSqlite:203 - Set database path to: C:\Users\sachi\.stmcufinder\plugins\mcufinder//mcu/cs/
2024-09-12 10:15:51,383 [INFO] ApplicationProperties:184 - Using Application install path: C:\ST\STM32CubeIDE_1.15.1\STM32CubeIDE\plugins\com.st.stm32cube.common.mx_6.11.1.202404110753
2024-09-12 10:15:51,384 [INFO] PluginManage:196 - Search for loadable plugins [exclusion list=, ]
2024-09-12 10:15:51,385 [INFO] PluginManage:310 - Check plugin analytics
2024-09-12 10:15:51,548 [INFO] AnalyticsPlugin:253 - Accepted Software Licenses: 
2024-09-12 10:15:51,548 [INFO] AnalyticsPlugin:255 - Accepted CMSIS Pack Licenses: 
2024-09-12 10:15:51,549 [INFO] AnalyticsPlugin:257 - Accepted Firmware Licenses: 
2024-09-12 10:15:51,550 [INFO] PluginManage:359 - Loaded plugin analytics (category:tool,tabindex:-1)
2024-09-12 10:15:51,551 [INFO] PluginManage:310 - Check plugin cadmodel
2024-09-12 10:15:51,554 [INFO] CADModel:105 - Init CAD model plugin
2024-09-12 10:15:51,554 [INFO] PluginManage:359 - Loaded plugin cadmodel (category:power,tabindex:5)
2024-09-12 10:15:51,554 [INFO] PluginManage:310 - Check plugin clock
2024-09-12 10:15:51,561 [INFO] PluginManage:359 - Loaded plugin clock (category:base,tabindex:2)
2024-09-12 10:15:51,561 [INFO] PluginManage:310 - Check plugin ddr
2024-09-12 10:15:51,563 [INFO] PluginManage:359 - Loaded plugin ddr (category:tool,tabindex:6)
2024-09-12 10:15:51,563 [INFO] PluginManage:310 - Check plugin filemanager
2024-09-12 10:15:51,679 [INFO] PluginManage:359 - Loaded plugin filemanager (category:base,tabindex:10)
2024-09-12 10:15:51,680 [INFO] PluginManage:310 - Check plugin ipmanager
2024-09-12 10:15:51,686 [INFO] PluginManage:359 - Loaded plugin ipmanager (category:base,tabindex:5)
2024-09-12 10:15:51,686 [INFO] PluginManage:310 - Check plugin lpbam
2024-09-12 10:15:51,694 [INFO] PluginManage:359 - Loaded plugin lpbam (category:base,tabindex:0)
2024-09-12 10:15:51,694 [INFO] PluginManage:310 - Check plugin memorymap
2024-09-12 10:15:51,703 [INFO] PluginManage:359 - Loaded plugin memorymap (category:base,tabindex:4)
2024-09-12 10:15:51,703 [INFO] PluginManage:310 - Check plugin pinoutandconfiguration
2024-09-12 10:15:51,709 [INFO] PluginManage:359 - Loaded plugin pinoutandconfiguration (category:base,tabindex:1)
2024-09-12 10:15:51,709 [INFO] PluginManage:310 - Check plugin pinoutconfig
2024-09-12 10:15:51,798 [WARN] SupportedApi:132 - Cannot load RTOS API schema: s4s-elt-must-match.1: The content of 'definitions' must match (annotation?, (simpleType | complexType)?, (unique | key | keyref)*)). A problem was found starting at: attribute.
2024-09-12 10:15:51,925 [INFO] PluginManage:359 - Loaded plugin pinoutconfig (category:base,tabindex:0)
2024-09-12 10:15:51,925 [INFO] PluginManage:310 - Check plugin power
2024-09-12 10:15:51,933 [INFO] PluginManage:359 - Loaded plugin power (category:power,tabindex:4)
2024-09-12 10:15:51,933 [INFO] PluginManage:310 - Check plugin projectmanager
2024-09-12 10:15:51,946 [INFO] PluginManage:359 - Loaded plugin projectmanager (category:projectmanager,tabindex:3)
2024-09-12 10:15:51,946 [INFO] PluginManage:310 - Check plugin thirdparty
2024-09-12 10:15:52,038 [INFO] PluginManage:359 - Loaded plugin thirdparty (category:base,tabindex:-1)
2024-09-12 10:15:52,038 [WARN] IntegrityCheckThread:84 - waiting for thirdparty lock release [integrity check]
2024-09-12 10:15:52,038 [INFO] PluginManage:310 - Check plugin tools
2024-09-12 10:15:52,038 [INFO] IntegrityCheckThread:86 - entering critical section [integrity check]
2024-09-12 10:15:52,039 [INFO] ThirdPartyUpdaterWithRetryManager:70 - Updater plugin not ready yet. [1/15]
2024-09-12 10:15:52,040 [INFO] PluginManage:359 - Loaded plugin tools (category:base,tabindex:7)
2024-09-12 10:15:52,040 [INFO] PluginManage:310 - Check plugin tutovideos
2024-09-12 10:15:52,206 [INFO] PluginManage:359 - Loaded plugin tutovideos (category:base,tabindex:-1)
2024-09-12 10:15:52,206 [INFO] PluginManage:310 - Check plugin updater
2024-09-12 10:15:52,214 [INFO] PluginManage:359 - Loaded plugin updater (category:base,tabindex:12)
2024-09-12 10:15:52,214 [INFO] PluginManage:310 - Check plugin userauth
2024-09-12 10:15:52,218 [INFO] UserAuth:114 - Init User Auth plugin
2024-09-12 10:15:52,218 [INFO] PluginManage:359 - Loaded plugin userauth (category:base,tabindex:14)
2024-09-12 10:15:52,219 [INFO] PluginManage:283 - PluginManage : Loaded plugins [17]
2024-09-12 10:15:52,398 [INFO] PinOutPanel:1561 - setPackage(No Configuration,No Configuration)
2024-09-12 10:15:52,456 [INFO] CADModel:165 - CPN selected for project level
2024-09-12 10:15:52,456 [INFO] CADModel:114 - Register for checkConnection events
2024-09-12 10:15:52,469 [INFO] IPUIPlugin:80 - create IPUIPlugin
2024-09-12 10:15:52,469 [INFO] PluginManager:220 - loadIPPluginJar : add adc
2024-09-12 10:15:52,471 [INFO] IPUIPlugin:80 - create IPUIPlugin
2024-09-12 10:15:52,471 [INFO] PluginManager:220 - loadIPPluginJar : add aes
2024-09-12 10:15:52,474 [INFO] IPUIPlugin:80 - create IPUIPlugin
2024-09-12 10:15:52,474 [INFO] PluginManager:220 - loadIPPluginJar : add can
2024-09-12 10:15:52,475 [INFO] IPUIPlugin:80 - create IPUIPlugin
2024-09-12 10:15:52,475 [INFO] PluginManager:220 - loadIPPluginJar : add comp
2024-09-12 10:15:52,477 [INFO] IPUIPlugin:80 - create IPUIPlugin
2024-09-12 10:15:52,477 [INFO] PluginManager:220 - loadIPPluginJar : add cryp
2024-09-12 10:15:52,480 [INFO] IPUIPlugin:80 - create IPUIPlugin
2024-09-12 10:15:52,480 [INFO] PluginManager:220 - loadIPPluginJar : add dfsdm
2024-09-12 10:15:52,486 [INFO] IPUIPlugin:80 - create IPUIPlugin
2024-09-12 10:15:52,486 [INFO] PluginManager:220 - loadIPPluginJar : add dma
2024-09-12 10:15:52,488 [INFO] IPUIPlugin:80 - create IPUIPlugin
2024-09-12 10:15:52,489 [INFO] PluginManager:220 - loadIPPluginJar : add dma3
2024-09-12 10:15:52,490 [INFO] IPUIPlugin:80 - create IPUIPlugin
2024-09-12 10:15:52,491 [INFO] PluginManager:220 - loadIPPluginJar : add extmemmanager
2024-09-12 10:15:52,492 [INFO] IPUIPlugin:80 - create IPUIPlugin
2024-09-12 10:15:52,492 [INFO] PluginManager:220 - loadIPPluginJar : add fatfs
2024-09-12 10:15:52,495 [INFO] IPUIPlugin:80 - create IPUIPlugin
2024-09-12 10:15:52,495 [INFO] PluginManager:220 - loadIPPluginJar : add fmc
2024-09-12 10:15:52,500 [INFO] IPUIPlugin:80 - create IPUIPlugin
2024-09-12 10:15:52,500 [INFO] PluginManager:220 - loadIPPluginJar : add freertos
2024-09-12 10:15:52,502 [INFO] IPUIPlugin:80 - create IPUIPlugin
2024-09-12 10:15:52,502 [INFO] PluginManager:220 - loadIPPluginJar : add genericplugin
2024-09-12 10:15:52,503 [INFO] IPUIPlugin:80 - create IPUIPlugin
2024-09-12 10:15:52,504 [INFO] PluginManager:220 - loadIPPluginJar : add gfxmmu
2024-09-12 10:15:52,507 [INFO] IPUIPlugin:80 - create IPUIPlugin
2024-09-12 10:15:52,507 [INFO] PluginManager:220 - loadIPPluginJar : add gic
2024-09-12 10:15:52,510 [INFO] IPUIPlugin:80 - create IPUIPlugin
2024-09-12 10:15:52,510 [INFO] PluginManager:220 - loadIPPluginJar : add gpio
2024-09-12 10:15:52,512 [INFO] IPUIPlugin:80 - create IPUIPlugin
2024-09-12 10:15:52,513 [INFO] PluginManager:220 - loadIPPluginJar : add gtzc
2024-09-12 10:15:52,515 [INFO] IPUIPlugin:80 - create IPUIPlugin
2024-09-12 10:15:52,515 [INFO] PluginManager:220 - loadIPPluginJar : add hash
2024-09-12 10:15:52,517 [INFO] IPUIPlugin:80 - create IPUIPlugin
2024-09-12 10:15:52,517 [INFO] PluginManager:220 - loadIPPluginJar : add i2c
2024-09-12 10:15:52,519 [INFO] IPUIPlugin:80 - create IPUIPlugin
2024-09-12 10:15:52,519 [INFO] PluginManager:220 - loadIPPluginJar : add i2s
2024-09-12 10:15:52,521 [INFO] IPUIPlugin:80 - create IPUIPlugin
2024-09-12 10:15:52,521 [INFO] PluginManager:220 - loadIPPluginJar : add i3c
2024-09-12 10:15:52,523 [INFO] IPUIPlugin:80 - create IPUIPlugin
2024-09-12 10:15:52,523 [INFO] PluginManager:220 - loadIPPluginJar : add ipddr
2024-09-12 10:15:52,529 [INFO] IPUIPlugin:80 - create IPUIPlugin
2024-09-12 10:15:52,529 [INFO] PluginManager:220 - loadIPPluginJar : add linkedlist
2024-09-12 10:15:52,531 [INFO] IPUIPlugin:80 - create IPUIPlugin
2024-09-12 10:15:52,531 [INFO] PluginManager:220 - loadIPPluginJar : add lorawan
2024-09-12 10:15:52,532 [INFO] IPUIPlugin:80 - create IPUIPlugin
2024-09-12 10:15:52,532 [INFO] PluginManager:220 - loadIPPluginJar : add ltdc
2024-09-12 10:15:52,537 [INFO] IPUIPlugin:80 - create IPUIPlugin
2024-09-12 10:15:52,537 [INFO] PluginManager:220 - loadIPPluginJar : add mdma
2024-09-12 10:15:52,540 [INFO] IPUIPlugin:80 - create IPUIPlugin
2024-09-12 10:15:52,541 [INFO] PluginManager:220 - loadIPPluginJar : add nvic
2024-09-12 10:15:52,544 [INFO] IPUIPlugin:80 - create IPUIPlugin
2024-09-12 10:15:52,544 [INFO] PluginManager:220 - loadIPPluginJar : add opamp
2024-09-12 10:15:52,546 [INFO] IPUIPlugin:80 - create IPUIPlugin
2024-09-12 10:15:52,546 [INFO] PluginManager:220 - loadIPPluginJar : add openamp
2024-09-12 10:15:52,548 [INFO] IPUIPlugin:80 - create IPUIPlugin
2024-09-12 10:15:52,549 [INFO] PluginManager:220 - loadIPPluginJar : add pdm2pcm
2024-09-12 10:15:52,553 [INFO] IPUIPlugin:80 - create IPUIPlugin
2024-09-12 10:15:52,556 [INFO] PluginManager:220 - loadIPPluginJar : add plateformsettings
2024-09-12 10:15:52,557 [INFO] IPUIPlugin:80 - create IPUIPlugin
2024-09-12 10:15:52,557 [INFO] PluginManager:220 - loadIPPluginJar : add quadspi
2024-09-12 10:15:52,560 [INFO] IPUIPlugin:80 - create IPUIPlugin
2024-09-12 10:15:52,560 [INFO] PluginManager:220 - loadIPPluginJar : add resmgrutility
2024-09-12 10:15:52,563 [INFO] IPUIPlugin:80 - create IPUIPlugin
2024-09-12 10:15:52,563 [INFO] PluginManager:220 - loadIPPluginJar : add sai
2024-09-12 10:15:52,565 [INFO] IPUIPlugin:80 - create IPUIPlugin
2024-09-12 10:15:52,565 [INFO] PluginManager:220 - loadIPPluginJar : add spi
2024-09-12 10:15:52,569 [INFO] IPUIPlugin:80 - create IPUIPlugin
2024-09-12 10:15:52,569 [INFO] PluginManager:220 - loadIPPluginJar : add stm32_wpan
2024-09-12 10:15:52,571 [INFO] IPUIPlugin:80 - create IPUIPlugin
2024-09-12 10:15:52,571 [INFO] PluginManager:220 - loadIPPluginJar : add tim
2024-09-12 10:15:52,573 [INFO] IPUIPlugin:80 - create IPUIPlugin
2024-09-12 10:15:52,573 [INFO] PluginManager:220 - loadIPPluginJar : add touchsensing
2024-09-12 10:15:52,574 [INFO] IPUIPlugin:80 - create IPUIPlugin
2024-09-12 10:15:52,574 [INFO] PluginManager:220 - loadIPPluginJar : add tracer_emb
2024-09-12 10:15:52,576 [INFO] IPUIPlugin:80 - create IPUIPlugin
2024-09-12 10:15:52,576 [INFO] PluginManager:220 - loadIPPluginJar : add ts
2024-09-12 10:15:52,577 [INFO] IPUIPlugin:80 - create IPUIPlugin
2024-09-12 10:15:52,577 [INFO] PluginManager:220 - loadIPPluginJar : add tsc
2024-09-12 10:15:52,578 [INFO] IPUIPlugin:80 - create IPUIPlugin
2024-09-12 10:15:52,578 [INFO] PluginManager:220 - loadIPPluginJar : add ucpd
2024-09-12 10:15:52,580 [INFO] IPUIPlugin:80 - create IPUIPlugin
2024-09-12 10:15:52,581 [INFO] PluginManager:220 - loadIPPluginJar : add usart
2024-09-12 10:15:52,583 [INFO] IPUIPlugin:80 - create IPUIPlugin
2024-09-12 10:15:52,583 [INFO] PluginManager:220 - loadIPPluginJar : add usbx
2024-09-12 10:15:52,706 [INFO] CADModel:165 - CPN selected for project level
2024-09-12 10:15:52,707 [INFO] CADModel:114 - Register for checkConnection events
2024-09-12 10:15:52,707 [FATAL] Updater:308 - Updater called before beeing initialized
2024-09-12 10:15:52,708 [ERROR] CADModel:125 - Updater not yet initialized, retry later 
2024-09-12 10:15:52,831 [INFO] CADModel:165 - CPN selected for project level
2024-09-12 10:15:52,831 [INFO] CADModel:114 - Register for checkConnection events
2024-09-12 10:15:52,831 [FATAL] Updater:308 - Updater called before beeing initialized
2024-09-12 10:15:52,831 [ERROR] CADModel:125 - Updater not yet initialized, retry later 
2024-09-12 10:15:52,834 [FATAL] Updater:308 - Updater called before beeing initialized
2024-09-12 10:15:52,912 [FATAL] Updater:308 - Updater called before beeing initialized
2024-09-12 10:15:52,918 [INFO] DbMcusAds:53 - JSON generation date=Thu May 16 05:22:00 EDT 2024 (1715851320667)
2024-09-12 10:15:52,918 [FATAL] Updater:308 - Updater called before beeing initialized
2024-09-12 10:15:52,947 [WARN] DetailPanel:346 - Failed to get advertising image, set to default
2024-09-12 10:15:53,027 [FATAL] Updater:308 - Updater called before beeing initialized
2024-09-12 10:15:53,028 [FATAL] Updater:308 - Updater called before beeing initialized
2024-09-12 10:15:53,028 [FATAL] Updater:308 - Updater called before beeing initialized
2024-09-12 10:15:53,028 [WARN] DetailPanel:346 - Failed to get advertising image, set to default
2024-09-12 10:15:53,029 [FATAL] Updater:308 - Updater called before beeing initialized
2024-09-12 10:15:53,070 [ERROR] Updater:1120 - MainUpdater not yet initialized. External WinMGr cannot be set.
2024-09-12 10:15:53,072 [INFO] Updater:1056 - Updater Version found : 6.11.1
2024-09-12 10:15:53,087 [INFO] ApplicationProperties:184 - Using Application install path: C:\ST\STM32CubeIDE_1.15.1\STM32CubeIDE\plugins\com.st.stm32cube.common.mx_6.11.1.202404110753
2024-09-12 10:15:54,665 [ERROR] LogOutputStream:75 - [STDERR_REDIRECT] Sep 12, 2024 10:15:54 AM java.util.prefs.WindowsPreferences <init>
2024-09-12 10:15:54,667 [ERROR] LogOutputStream:75 - [STDERR_REDIRECT] WARNING: Could not open/create prefs root node Software\JavaSoft\Prefs at root 0xffffffff80000002. Windows RegCreateKeyEx(...) returned error code 5.
2024-09-12 10:15:54,667 [ERROR] LogOutputStream:75 - [STDERR_REDIRECT] 
2024-09-12 10:15:55,013 [INFO] MainUpdater:2873 - connection check result : 10
2024-09-12 10:15:55,014 [INFO] MainUpdater:290 - Updater Check For Update Now.
2024-09-12 10:15:55,015 [INFO] MicroXplorer:498 - Change Database Version : DB.6.0.111
2024-09-12 10:15:55,025 [INFO] McuFinderGlobals:63 - Set McuFinder mode to 2 (CubeIDE integrated)
2024-09-12 10:15:55,026 [INFO] UserAuth:179 - activating auth plugin
2024-09-12 10:15:55,028 [INFO] UserAuth:415 - Internet connection configuration mode: 1
2024-09-12 10:15:55,040 [WARN] MainUpdater:1194 - Updater busy. Cannot search thirdparties
2024-09-12 10:15:55,041 [INFO] ThirdPartyUpdaterWithRetryManager:96 - Updater plugin is busy. [1/15]
2024-09-12 10:15:55,047 [INFO] JxBrowserEngine:152 - Initiate JxBrowser Engine with user profile folder
2024-09-12 10:15:55,186 [INFO] CheckServerUpdateThread:120 - End of CheckServer Thread
2024-09-12 10:15:55,555 [INFO] WebApp:161 - Instantiating new browser for Auth
2024-09-12 10:15:55,983 [INFO] WebApp:779 - Register for checkConnection events
2024-09-12 10:15:55,983 [INFO] WebApp:414 - Apply proxy settings
2024-09-12 10:15:55,983 [INFO] WebApp:499 - Chromium requires no authentication
2024-09-12 10:15:55,988 [INFO] WebApp:442 - Direct internet connection detected
2024-09-12 10:15:56,119 [INFO] WebApp:192 - Starting web application
2024-09-12 10:15:56,119 [INFO] WebApp:544 - Web application path used C:\ST\STM32CubeIDE_1.15.1\STM32CubeIDE\plugins\com.st.stm32cube.common.mx_6.11.1.202404110753\db\plugins\mcufinder\reactClient1\index.html
2024-09-12 10:15:58,185 [WARN] PackLoader:240 - Cannot read IP mode file for STMicroelectronics.FP-SNS-MOTENVWB1.1.4.0
2024-09-12 10:15:58,194 [WARN] PackLoader:240 - Cannot read IP mode file for STMicroelectronics.X-CUBE-SMBUS.2.1.0
2024-09-12 10:15:58,219 [WARN] PackLoader:240 - Cannot read IP mode file for STMicroelectronics.X-CUBE-AZRTOS-F7.1.1.0
2024-09-12 10:15:58,275 [WARN] PackLoader:240 - Cannot read IP mode file for STMicroelectronics.X-CUBE-MEMS1.11.0.0
2024-09-12 10:15:58,453 [WARN] PackLoader:240 - Cannot read IP mode file for STMicroelectronics.FP-SNS-FLIGHT1.5.0.2
2024-09-12 10:15:58,459 [WARN] PackLoader:240 - Cannot read IP mode file for STMicroelectronics.X-CUBE-DISPLAY.3.0.0
2024-09-12 10:15:58,466 [WARN] PackLoader:240 - Cannot read IP mode file for STMicroelectronics.X-CUBE-BLE1.7.0.0
2024-09-12 10:15:58,470 [WARN] PackLoader:240 - Cannot read IP mode file for emotas.I-CUBE-CANOPEN.1.3.0
2024-09-12 10:15:58,477 [WARN] PackLoader:240 - Cannot read IP mode file for STMicroelectronics.X-CUBE-BLEMGR.3.1.0
2024-09-12 10:15:58,482 [WARN] PackLoader:240 - Cannot read IP mode file for STMicroelectronics.FP-SNS-SMARTAG2.1.2.0
2024-09-12 10:15:58,489 [INFO] LogOutputStream:77 - [STDOUT_REDIRECT] 1 : Invalid condition id : UX_CORESTACK_Condition cause : null
2024-09-12 10:15:58,489 [INFO] LogOutputStream:77 - [STDOUT_REDIRECT] 1 : Invalid condition id : UX_CORESTACK_Condition cause : null
2024-09-12 10:15:58,490 [INFO] LogOutputStream:77 - [STDOUT_REDIRECT] 1 : Invalid condition id : UX_CORESTACK_Condition cause : null
2024-09-12 10:15:58,491 [INFO] LogOutputStream:77 - [STDOUT_REDIRECT] 1 : Invalid condition id : UX_CORESTACK_Condition cause : null
2024-09-12 10:15:58,492 [INFO] LogOutputStream:77 - [STDOUT_REDIRECT] 1 : Invalid condition id : UX_CORESTACK_Condition cause : null
2024-09-12 10:15:58,495 [WARN] PackLoader:240 - Cannot read IP mode file for STMicroelectronics.X-CUBE-AZRTOS-WL.2.0.0
2024-09-12 10:15:58,499 [WARN] PackLoader:240 - Cannot read IP mode file for STMicroelectronics.FP-SNS-MOTENV1.5.0.0
2024-09-12 10:15:58,503 [WARN] PackLoader:240 - Cannot read IP mode file for wolfSSL.I-CUBE-wolfMQTT.1.19.0
2024-09-12 10:15:58,508 [WARN] PackLoader:240 - Cannot read IP mode file for WES.I-CUBE-Cesium.1.3.0
2024-09-12 10:15:58,512 [WARN] PackLoader:240 - Cannot read IP mode file for STMicroelectronics.X-CUBE-BLE2.3.3.0
2024-09-12 10:15:58,516 [WARN] PackLoader:240 - Cannot read IP mode file for STMicroelectronics.X-CUBE-TCPP.4.1.0
2024-09-12 10:15:58,530 [WARN] PackLoader:240 - Cannot read IP mode file for STMicroelectronics.X-CUBE-AZRTOS-G0.1.1.0
2024-09-12 10:15:58,536 [WARN] PackLoader:240 - Cannot read IP mode file for STMicroelectronics.X-CUBE-SAFEA1.1.2.2
2024-09-12 10:15:58,541 [WARN] PackLoader:240 - Cannot read IP mode file for STMicroelectronics.X-CUBE-NFC4.3.0.0
2024-09-12 10:15:58,553 [WARN] PackLoader:240 - Cannot read IP mode file for EmbeddedOffice.I-CUBE-FS-RTOS.1.0.1
2024-09-12 10:15:58,553 [ERROR] ConditionMgr:805 - Attr not supported : Dmpu
2024-09-12 10:15:58,553 [ERROR] ConditionMgr:805 - Attr not supported : Dmpu
2024-09-12 10:15:58,553 [ERROR] ConditionMgr:805 - Attr not supported : Dmpu
2024-09-12 10:15:58,553 [ERROR] ConditionMgr:805 - Attr not supported : Dmpu
2024-09-12 10:15:58,553 [ERROR] ConditionMgr:805 - Attr not supported : Dmpu
2024-09-12 10:15:58,553 [ERROR] ConditionMgr:805 - Attr not supported : Dmpu
2024-09-12 10:15:58,553 [ERROR] ConditionMgr:805 - Attr not supported : Dmpu
2024-09-12 10:15:58,553 [ERROR] ConditionMgr:805 - Attr not supported : Dmpu
2024-09-12 10:15:58,553 [ERROR] ConditionMgr:805 - Attr not supported : Dmpu
2024-09-12 10:15:58,553 [ERROR] ConditionMgr:805 - Attr not supported : Dmpu
2024-09-12 10:15:58,553 [ERROR] ConditionMgr:805 - Attr not supported : Dmpu
2024-09-12 10:15:58,554 [ERROR] ConditionMgr:805 - Attr not supported : Dmpu
2024-09-12 10:15:58,554 [ERROR] ConditionMgr:805 - Attr not supported : Dmpu
2024-09-12 10:15:58,554 [ERROR] ConditionMgr:805 - Attr not supported : Dmpu
2024-09-12 10:15:58,554 [ERROR] ConditionMgr:805 - Attr not supported : Dmpu
2024-09-12 10:15:58,554 [ERROR] ConditionMgr:805 - Attr not supported : Dmpu
2024-09-12 10:15:58,554 [ERROR] ConditionMgr:805 - Attr not supported : Dmpu
2024-09-12 10:15:58,554 [ERROR] ConditionMgr:805 - Attr not supported : Dmpu
2024-09-12 10:15:58,554 [ERROR] ConditionMgr:805 - Attr not supported : Dmpu
2024-09-12 10:15:58,554 [ERROR] ConditionMgr:805 - Attr not supported : Dmpu
2024-09-12 10:15:58,554 [ERROR] ConditionMgr:805 - Attr not supported : Dmpu
2024-09-12 10:15:58,554 [ERROR] ConditionMgr:805 - Attr not supported : Dmpu
2024-09-12 10:15:58,554 [ERROR] ConditionMgr:805 - Attr not supported : Dmpu
2024-09-12 10:15:58,554 [ERROR] ConditionMgr:805 - Attr not supported : Dmpu
2024-09-12 10:15:58,554 [ERROR] ConditionMgr:805 - Attr not supported : Dmpu
2024-09-12 10:15:58,555 [ERROR] ConditionMgr:805 - Attr not supported : Dmpu
2024-09-12 10:15:58,555 [ERROR] ConditionMgr:805 - Attr not supported : Dmpu
2024-09-12 10:15:58,555 [ERROR] ConditionMgr:805 - Attr not supported : Dmpu
2024-09-12 10:15:58,555 [ERROR] ConditionMgr:805 - Attr not supported : Dmpu
2024-09-12 10:15:58,555 [ERROR] ConditionMgr:805 - Attr not supported : Dmpu
2024-09-12 10:15:58,555 [ERROR] ConditionMgr:805 - Attr not supported : Dmpu
2024-09-12 10:15:58,555 [ERROR] ConditionMgr:805 - Attr not supported : Dmpu
2024-09-12 10:15:58,555 [ERROR] ConditionMgr:805 - Attr not supported : Dmpu
2024-09-12 10:15:58,555 [ERROR] ConditionMgr:805 - Attr not supported : Dmpu
2024-09-12 10:15:58,555 [ERROR] ConditionMgr:805 - Attr not supported : Dmpu
2024-09-12 10:15:58,555 [ERROR] ConditionMgr:805 - Attr not supported : Dmpu
2024-09-12 10:15:58,555 [ERROR] ConditionMgr:805 - Attr not supported : Dmpu
2024-09-12 10:15:58,555 [ERROR] ConditionMgr:805 - Attr not supported : Dmpu
2024-09-12 10:15:58,556 [ERROR] ConditionMgr:805 - Attr not supported : Dmpu
2024-09-12 10:15:58,556 [ERROR] ConditionMgr:805 - Attr not supported : Dmpu
2024-09-12 10:15:58,556 [ERROR] ConditionMgr:805 - Attr not supported : Dmpu
2024-09-12 10:15:58,556 [ERROR] ConditionMgr:805 - Attr not supported : Dmpu
2024-09-12 10:15:58,556 [ERROR] ConditionMgr:805 - Attr not supported : Dmpu
2024-09-12 10:15:58,556 [ERROR] ConditionMgr:805 - Attr not supported : Dmpu
2024-09-12 10:15:58,556 [ERROR] ConditionMgr:805 - Attr not supported : Dmpu
2024-09-12 10:15:58,556 [ERROR] ConditionMgr:805 - Attr not supported : Dmpu
2024-09-12 10:15:58,556 [ERROR] ConditionMgr:805 - Attr not supported : Dmpu
2024-09-12 10:15:58,556 [ERROR] ConditionMgr:805 - Attr not supported : Dmpu
2024-09-12 10:15:58,556 [ERROR] ConditionMgr:805 - Attr not supported : Dmpu
2024-09-12 10:15:58,556 [ERROR] ConditionMgr:805 - Attr not supported : Dmpu
2024-09-12 10:15:58,556 [ERROR] ConditionMgr:805 - Attr not supported : Dmpu
2024-09-12 10:15:58,556 [ERROR] ConditionMgr:805 - Attr not supported : Dmpu
2024-09-12 10:15:58,557 [ERROR] ConditionMgr:805 - Attr not supported : Dmpu
2024-09-12 10:15:58,557 [ERROR] ConditionMgr:805 - Attr not supported : Dmpu
2024-09-12 10:15:58,557 [ERROR] ConditionMgr:805 - Attr not supported : Dmpu
2024-09-12 10:15:58,557 [ERROR] ConditionMgr:805 - Attr not supported : Dmpu
2024-09-12 10:15:58,557 [ERROR] ConditionMgr:805 - Attr not supported : Dmpu
2024-09-12 10:15:58,557 [ERROR] ConditionMgr:805 - Attr not supported : Dmpu
2024-09-12 10:15:58,557 [ERROR] ConditionMgr:805 - Attr not supported : Dmpu
2024-09-12 10:15:58,557 [ERROR] ConditionMgr:805 - Attr not supported : Dmpu
2024-09-12 10:15:58,557 [ERROR] ConditionMgr:805 - Attr not supported : Dmpu
2024-09-12 10:15:58,557 [ERROR] ConditionMgr:805 - Attr not supported : Dmpu
2024-09-12 10:15:58,557 [ERROR] ConditionMgr:805 - Attr not supported : Dmpu
2024-09-12 10:15:58,557 [ERROR] ConditionMgr:805 - Attr not supported : Dmpu
2024-09-12 10:15:58,561 [WARN] PackLoader:240 - Cannot read IP mode file for RealThread.X-CUBE-RT-Thread_Nano.4.1.1
2024-09-12 10:15:58,564 [WARN] PackLoader:240 - Cannot read IP mode file for wolfSSL.I-CUBE-wolfSSL.5.7.0
2024-09-12 10:15:58,567 [WARN] PackLoader:240 - Cannot read IP mode file for STMicroelectronics.FP-ATR-SIGFOX1.3.2.0
2024-09-12 10:15:58,571 [WARN] PackLoader:240 - Cannot read IP mode file for STMicroelectronics.X-CUBE-EEPRMA1.5.1.0
2024-09-12 10:15:58,577 [WARN] PackLoader:240 - Cannot read IP mode file for ITTIA_DB.I-CUBE-ITTIADB.8.9.0
2024-09-12 10:15:58,604 [WARN] PackLoader:240 - Cannot read IP mode file for SEGGER.I-CUBE-embOS.1.3.1
2024-09-12 10:15:58,633 [WARN] PackLoader:240 - Cannot read IP mode file for STMicroelectronics.X-CUBE-ALGOBUILD.1.4.0
2024-09-12 10:15:58,637 [WARN] PackLoader:240 - Cannot read IP mode file for STMicroelectronics.X-CUBE-GNSS1.6.0.0
2024-09-12 10:15:58,648 [WARN] PackLoader:240 - Cannot read IP mode file for STMicroelectronics.X-CUBE-AZRTOS-F4.1.1.0
2024-09-12 10:15:58,654 [WARN] PackLoader:240 - Cannot read IP mode file for STMicroelectronics.X-CUBE-FREERTOS.1.2.0
2024-09-12 10:15:58,666 [WARN] PackLoader:240 - Cannot read IP mode file for STMicroelectronics.X-CUBE-AZRTOS-L5.2.0.0
2024-09-12 10:15:58,674 [WARN] PackLoader:240 - Cannot read IP mode file for STMicroelectronics.X-CUBE-NFC6.3.1.0
2024-09-12 10:15:58,679 [WARN] PackLoader:240 - Cannot read IP mode file for STMicroelectronics.X-CUBE-DPower.1.2.0
2024-09-12 10:15:58,681 [WARN] PackLoader:240 - Cannot read IP mode file for STMicroelectronics.X-CUBE-AI.9.0.0
2024-09-12 10:15:58,685 [WARN] PackLoader:240 - Cannot read IP mode file for STMicroelectronics.X-CUBE-NFC7.1.0.1
2024-09-12 10:15:58,688 [WARN] PackLoader:240 - Cannot read IP mode file for wolfSSL.I-CUBE-wolfTPM.3.2.0
2024-09-12 10:15:58,700 [WARN] ConditionMgr:438 - getConditionDescription Invalid condition id : LAN8742 Phy interface Condition cause : null
2024-09-12 10:15:58,700 [WARN] PackLoader:240 - Cannot read IP mode file for STMicroelectronics.X-CUBE-AZRTOS-L4.2.0.0
2024-09-12 10:15:58,701 [WARN] ConditionMgr:1039 - genDependencies : Invalid condition id : LAN8742 Phy interface Condition cause : null
2024-09-12 10:15:58,702 [WARN] ConditionMgr:1039 - genDependencies : Invalid condition id : LAN8742 Phy interface Condition cause : null
2024-09-12 10:15:58,702 [WARN] ConditionMgr:1039 - genDependencies : Invalid condition id : LAN8742 Phy interface Condition cause : null
2024-09-12 10:15:58,707 [WARN] PackLoader:240 - Cannot read IP mode file for STMicroelectronics.X-CUBE-SFXS2LP1.4.0.0
2024-09-12 10:15:58,722 [WARN] PackLoader:240 - Cannot read IP mode file for STMicroelectronics.X-CUBE-AZRTOS-H7.3.3.0
2024-09-12 10:15:58,734 [WARN] ConditionMgr:438 - getConditionDescription Invalid condition id : UX DEVICE CLASS RTOS Condition cause : null
2024-09-12 10:15:58,735 [WARN] ConditionMgr:438 - getConditionDescription Invalid condition id : UX DEVICE CLASS RTOS Condition cause : null
2024-09-12 10:15:58,736 [WARN] PackLoader:240 - Cannot read IP mode file for STMicroelectronics.X-CUBE-AZRTOS-WB.2.0.0
2024-09-12 10:15:58,737 [WARN] ConditionMgr:1039 - genDependencies : Invalid condition id : UX DEVICE CLASS RTOS Condition cause : null
2024-09-12 10:15:58,737 [WARN] ConditionMgr:1039 - genDependencies : Invalid condition id : UX DEVICE CLASS RTOS Condition cause : null
2024-09-12 10:15:58,737 [WARN] ConditionMgr:1039 - genDependencies : Invalid condition id : UX DEVICE CLASS RTOS Condition cause : null
2024-09-12 10:15:58,737 [WARN] ConditionMgr:1039 - genDependencies : Invalid condition id : UX DEVICE CLASS RTOS Condition cause : null
2024-09-12 10:15:58,737 [WARN] ConditionMgr:1039 - genDependencies : Invalid condition id : UX DEVICE CLASS RTOS Condition cause : null
2024-09-12 10:15:58,741 [WARN] PackLoader:240 - Cannot read IP mode file for STMicroelectronics.X-CUBE-GNSS1.7.0.0
2024-09-12 10:15:58,746 [WARN] PackLoader:240 - Cannot read IP mode file for STMicroelectronics.FP-SNS-STBOX1.2.0.0
2024-09-12 10:15:58,757 [WARN] PackLoader:240 - Cannot read IP mode file for STMicroelectronics.X-CUBE-SUBG2.5.0.0
2024-09-12 10:15:58,762 [WARN] PackLoader:240 - Cannot read IP mode file for Cesanta.I-CUBE-Mongoose.7.13.0
2024-09-12 10:15:58,772 [WARN] PackLoader:240 - Cannot read IP mode file for STMicroelectronics.X-CUBE-AZRTOS-G4.2.0.0
2024-09-12 10:15:58,776 [WARN] PackLoader:240 - Cannot read IP mode file for STMicroelectronics.X-CUBE-ISPU.2.0.0
2024-09-12 10:15:58,779 [WARN] PackLoader:240 - Cannot read IP mode file for STMicroelectronics.X-CUBE-ALS.1.0.2
2024-09-12 10:15:58,807 [WARN] PackLoader:240 - Cannot read IP mode file for STMicroelectronics.X-CUBE-MEMS1.10.0.0
2024-09-12 10:15:58,890 [WARN] PackLoader:240 - Cannot read IP mode file for STMicroelectronics.X-CUBE-TOUCHGFX.4.24.0
2024-09-12 10:15:58,893 [WARN] PackLoader:240 - Cannot read IP mode file for portGmbH.I-Cube-SoM-uGOAL.1.1.0
2024-09-12 10:15:58,906 [WARN] PackLoader:240 - Cannot read IP mode file for STMicroelectronics.X-CUBE-AZRTOS-H7RS.1.0.0
2024-09-12 10:15:58,911 [WARN] PackLoader:240 - Cannot read IP mode file for STMicroelectronics.FP-ATR-ASTRA1.2.0.0
2024-09-12 10:15:58,921 [WARN] PackLoader:240 - Cannot read IP mode file for STMicroelectronics.X-CUBE-TOF1.3.4.2
2024-09-12 10:15:58,935 [WARN] PackLoader:240 - Cannot read IP mode file for STMicroelectronics.X-CUBE-TOF1.3.4.1
2024-09-12 10:15:58,956 [WARN] PackLoader:240 - Cannot read IP mode file for STMicroelectronics.X-CUBE-AZRTOS-H7.3.2.0
2024-09-12 10:15:58,967 [WARN] PackLoader:240 - Cannot read IP mode file for Infineon.AIROC-Wi-Fi-Bluetooth-STM32.1.6.0
2024-09-12 10:15:58,972 [WARN] PackLoader:240 - Cannot read IP mode file for wolfSSL.I-CUBE-wolfSSH.1.4.17
2024-09-12 10:15:58,973 [INFO] ThirdParty:978 - Integrity check success = true
2024-09-12 10:15:58,973 [INFO] IntegrityCheckThread:100 - exiting critical section [integrity check]
2024-09-12 10:15:58,973 [INFO] IntegrityCheckThread:103 - End integrity checks thread
2024-09-12 10:16:17,472 [ERROR] LogOutputStream:75 - [STDERR_REDIRECT] 
2024-09-12 10:16:17,473 [ERROR] LogOutputStream:75 - [STDERR_REDIRECT] 
